[debug] [2025-06-28T11:45:14.214Z] ----------------------------------------------------------------------
[debug] [2025-06-28T11:45:14.215Z] Command:       /opt/homebrew/Cellar/node/24.2.0/bin/node /opt/homebrew/bin/firebase init
[debug] [2025-06-28T11:45:14.215Z] CLI Version:   14.9.0
[debug] [2025-06-28T11:45:14.215Z] Platform:      darwin
[debug] [2025-06-28T11:45:14.215Z] Node Version:  v24.2.0
[debug] [2025-06-28T11:45:14.216Z] Time:          Sat Jun 28 2025 17:15:14 GMT+0530 (India Standard Time)
[debug] [2025-06-28T11:45:14.216Z] ----------------------------------------------------------------------
[debug] 
[debug] [2025-06-28T11:45:14.217Z] > command requires scopes: ["email","openid","https://www.googleapis.com/auth/cloudplatformprojects.readonly","https://www.googleapis.com/auth/firebase","https://www.googleapis.com/auth/cloud-platform"]
[debug] [2025-06-28T11:45:14.217Z] > authorizing via signed-in user (priyanshnarang23@gmail.com)
[info] 
     ######## #### ########  ######## ########     ###     ######  ########
     ##        ##  ##     ## ##       ##     ##  ##   ##  ##       ##
     ######    ##  ########  ######   ########  #########  ######  ######
     ##        ##  ##    ##  ##       ##     ## ##     ##       ## ##
     ##       #### ##     ## ######## ########  ##     ##  ######  ########

You're about to initialize a Firebase project in this directory:

  /Users/priyanshnarang/Desktop/EduMorph

[info] 
=== Project Setup
[info] 
[info] First, let's associate this project directory with a Firebase project.
[info] You can create multiple project aliases by running firebase use --add, 
[info] but for now we'll just set up a default project.
[info] 
[debug] [2025-06-28T11:46:08.802Z] Checked if tokens are valid: true, expires at: 1751114645735
[debug] [2025-06-28T11:46:08.802Z] Checked if tokens are valid: true, expires at: 1751114645735
[debug] [2025-06-28T11:46:08.804Z] >>> [apiv2][query] GET https://firebase.googleapis.com/v1beta1/projects pageSize=100
[debug] [2025-06-28T11:46:09.754Z] <<< [apiv2][status] GET https://firebase.googleapis.com/v1beta1/projects 200
[debug] [2025-06-28T11:46:09.755Z] <<< [apiv2][body] GET https://firebase.googleapis.com/v1beta1/projects [omitted]
[info] i  Using project forkcast-30a96 (ForkCast) 
[info] 
=== Hosting Setup
[debug] [2025-06-28T11:46:12.788Z] Checked if tokens are valid: true, expires at: 1751114645735
[debug] [2025-06-28T11:46:12.788Z] Checked if tokens are valid: true, expires at: 1751114645735
[debug] [2025-06-28T11:46:12.788Z] >>> [apiv2][query] GET https://firebase.googleapis.com/v1beta1/projects/forkcast-30a96 [none]
[debug] [2025-06-28T11:46:13.391Z] <<< [apiv2][status] GET https://firebase.googleapis.com/v1beta1/projects/forkcast-30a96 200
[debug] [2025-06-28T11:46:13.391Z] <<< [apiv2][body] GET https://firebase.googleapis.com/v1beta1/projects/forkcast-30a96 {"projectId":"forkcast-30a96","projectNumber":"436221738248","displayName":"ForkCast","name":"projects/forkcast-30a96","resources":{"hostingSite":"forkcast-30a96"},"state":"ACTIVE","etag":"1_ddf83d83-d76b-49fc-9fd4-0557ea4179f4"}
[info] 
[info] Your public directory is the folder (relative to your project directory) that
[info] will contain Hosting assets to be uploaded with firebase deploy. If you
[info] have a build process for your assets, use your build's output directory.
[info] 
[debug] [2025-06-28T11:46:26.171Z] >>> [apiv2][query] GET https://www.gstatic.com/firebasejs/releases.json [none]
[debug] [2025-06-28T11:46:26.395Z] <<< [apiv2][status] GET https://www.gstatic.com/firebasejs/releases.json 200
[debug] [2025-06-28T11:46:26.395Z] <<< [apiv2][body] GET https://www.gstatic.com/firebasejs/releases.json {"current":{"version":"11.9.1","browserURL":"https://www.gstatic.com/firebasejs/11.9.1/firebase.js","packageURL":"https://www.gstatic.com/firebasejs/11.9.1/firebase.tgz"},"live":{"version":"11.9","browserURL":"https://www.gstatic.com/firebasejs/live/11.9/firebase.js","packageURL":"https://www.gstatic.com/firebasejs/live/11.9/firebase.tgz"},"components":{"ai":"https://www.gstatic.com/firebasejs/11.9.1/firebase-ai.js","analytics":"https://www.gstatic.com/firebasejs/11.9.1/firebase-analytics.js","app":"https://www.gstatic.com/firebasejs/11.9.1/firebase-app.js","app-check":"https://www.gstatic.com/firebasejs/11.9.1/firebase-app-check.js","auth":"https://www.gstatic.com/firebasejs/11.9.1/firebase-auth.js","auth/cordova":"https://www.gstatic.com/firebasejs/11.9.1/firebase-auth/cordova.js","auth/web-extension":"https://www.gstatic.com/firebasejs/11.9.1/firebase-auth/web-extension.js","functions":"https://www.gstatic.com/firebasejs/11.9.1/firebase-functions.js","firestore":"https://www.gstatic.com/firebasejs/11.9.1/firebase-firestore.js","firestore/lite":"https://www.gstatic.com/firebasejs/11.9.1/firebase-firestore/lite.js","installations":"https://www.gstatic.com/firebasejs/11.9.1/firebase-installations.js","storage":"https://www.gstatic.com/firebasejs/11.9.1/firebase-storage.js","performance":"https://www.gstatic.com/firebasejs/11.9.1/firebase-performance.js","remote-config":"https://www.gstatic.com/firebasejs/11.9.1/firebase-remote-config.js","messaging":"https://www.gstatic.com/firebasejs/11.9.1/firebase-messaging.js","messaging/sw":"https://www.gstatic.com/firebasejs/11.9.1/firebase-messaging/sw.js","database":"https://www.gstatic.com/firebasejs/11.9.1/firebase-database.js","vertexai":"https://www.gstatic.com/firebasejs/11.9.1/firebase-vertexai.js","data-connect":"https://www.gstatic.com/firebasejs/11.9.1/firebase-data-connect.js","firestore.memory":"https://www.gstatic.com/firebasejs/11.9.1/firebase-firestore.memory.js"}}
[info] ✔  Wrote public/index.html 
[info] 
[info] i  Detected a .git folder at /Users/priyanshnarang/Desktop/EduMorph 
[info] i  Authorizing with GitHub to upload your service account to a GitHub repository's secrets store. 
[info] 
[info] Visit this URL on this device to log in:
[info] https://github.com/login/oauth/authorize?client_id=89cf50f02ac6aaed3484&state=345390589&redirect_uri=http%3A%2F%2Flocalhost%3A9005&scope=read%3Auser%20repo%20public_repo
[info] 
[info] Waiting for authentication...
